-------------------------------------------------------------------------------
Test set: org.chronos.web.socialnetworkpoc.ApplicationTests
-------------------------------------------------------------------------------
Tests run: 1, Failures: 0, Errors: 1, Skipped: 0, Time elapsed: 0.805 s <<< FAILURE! - in org.chronos.web.socialnetworkpoc.ApplicationTests
initializationError(org.chronos.web.socialnetworkpoc.ApplicationTests)  Time elapsed: 0.013 s  <<< ERROR!
java.lang.IllegalStateException: Unable to find a @SpringBootConfiguration, you need to use @ContextConfiguration or @SpringBootTest(classes=...) with your test

